▶️ Build direct avec Gradle (assembleDebug)…

> Configure project :app
WARNING: The option setting 'android.aapt2FromMavenOverride=/data/data/com.termux/files/usr/bin/aapt2' is experimental.

> Task :app:preBuild UP-TO-DATE
> Task :app:preDebugBuild UP-TO-DATE
> Task :app:mergeDebugNativeDebugMetadata NO-SOURCE
> Task :app:javaPreCompileDebug UP-TO-DATE
> Task :app:checkDebugAarMetadata UP-TO-DATE
> Task :app:generateDebugResValues UP-TO-DATE
> Task :app:mapDebugSourceSetPaths UP-TO-DATE
> Task :app:generateDebugResources UP-TO-DATE
> Task :app:mergeDebugResources UP-TO-DATE
> Task :app:packageDebugResources UP-TO-DATE
> Task :app:parseDebugLocalResources UP-TO-DATE
> Task :app:createDebugCompatibleScreenManifests UP-TO-DATE
> Task :app:extractDeepLinksDebug UP-TO-DATE
> Task :app:processDebugMainManifest UP-TO-DATE
> Task :app:processDebugManifest UP-TO-DATE
> Task :app:processDebugManifestForPackage UP-TO-DATE
> Task :app:processDebugResources UP-TO-DATE

> Task :app:compileDebugJavaWithJavac FAILED
/storage/emulated/0/AndroidIDE/AppProjects/Euclide/app/src/main/java/com/example/appdummy/MainActivity.java:414: error: <identifier> expected
                glitchSeek.setOnSeekBarChangeListener(new SeekBar.OnSeekBarChangeListener() {
                                                     ^
/storage/emulated/0/AndroidIDE/AppProjects/Euclide/app/src/main/java/com/example/appdummy/MainActivity.java:414: error: illegal start of type
                glitchSeek.setOnSeekBarChangeListener(new SeekBar.OnSeekBarChangeListener() {
                                                      ^
/storage/emulated/0/AndroidIDE/AppProjects/Euclide/app/src/main/java/com/example/appdummy/MainActivity.java:415: error: ';' expected
            @Override public void onProgressChanged(SeekBar seekBar, int progress, boolean fromUser) {
                                                   ^
/storage/emulated/0/AndroidIDE/AppProjects/Euclide/app/src/main/java/com/example/appdummy/MainActivity.java:415: error: <identifier> expected
            @Override public void onProgressChanged(SeekBar seekBar, int progress, boolean fromUser) {
                                                                    ^
/storage/emulated/0/AndroidIDE/AppProjects/Euclide/app/src/main/java/com/example/appdummy/MainActivity.java:415: error: <identifier> expected
            @Override public void onProgressChanged(SeekBar seekBar, int progress, boolean fromUser) {
                                                                                  ^
/storage/emulated/0/AndroidIDE/AppProjects/Euclide/app/src/main/java/com/example/appdummy/MainActivity.java:415: error: ';' expected
            @Override public void onProgressChanged(SeekBar seekBar, int progress, boolean fromUser) {
                                                                                                   ^
/storage/emulated/0/AndroidIDE/AppProjects/Euclide/app/src/main/java/com/example/appdummy/MainActivity.java:419: error: ';' expected
            @Override public void onStartTrackingTouch(SeekBar seekBar) {}
                                                      ^
/storage/emulated/0/AndroidIDE/AppProjects/Euclide/app/src/main/java/com/example/appdummy/MainActivity.java:419: error: ';' expected
            @Override public void onStartTrackingTouch(SeekBar seekBar) {}
                                                                      ^
/storage/emulated/0/AndroidIDE/AppProjects/Euclide/app/src/main/java/com/example/appdummy/MainActivity.java:420: error: ';' expected
            @Override public void onStopTrackingTouch(SeekBar seekBar) {}
                                                     ^
/storage/emulated/0/AndroidIDE/AppProjects/Euclide/app/src/main/java/com/example/appdummy/MainActivity.java:420: error: ';' expected
            @Override public void onStopTrackingTouch(SeekBar seekBar) {}
                                                                     ^
/storage/emulated/0/AndroidIDE/AppProjects/Euclide/app/src/main/java/com/example/appdummy/MainActivity.java:421: error: illegal start of type
        });
         ^
/storage/emulated/0/AndroidIDE/AppProjects/Euclide/app/src/main/java/com/example/appdummy/MainActivity.java:424: error: <identifier> expected
                glitchSeek.setOnSeekBarChangeListener(new SeekBar.OnSeekBarChangeListener() {
                                                     ^
/storage/emulated/0/AndroidIDE/AppProjects/Euclide/app/src/main/java/com/example/appdummy/MainActivity.java:424: error: illegal start of type
                glitchSeek.setOnSeekBarChangeListener(new SeekBar.OnSeekBarChangeListener() {
                                                      ^
/storage/emulated/0/AndroidIDE/AppProjects/Euclide/app/src/main/java/com/example/appdummy/MainActivity.java:425: error: ';' expected
            @Override public void onProgressChanged(SeekBar seekBar, int progress, boolean fromUser) {
                                                   ^
/storage/emulated/0/AndroidIDE/AppProjects/Euclide/app/src/main/java/com/example/appdummy/MainActivity.java:425: error: <identifier> expected
            @Override public void onProgressChanged(SeekBar seekBar, int progress, boolean fromUser) {
                                                                    ^
/storage/emulated/0/AndroidIDE/AppProjects/Euclide/app/src/main/java/com/example/appdummy/MainActivity.java:425: error: <identifier> expected
            @Override public void onProgressChanged(SeekBar seekBar, int progress, boolean fromUser) {
                                                                                  ^
/storage/emulated/0/AndroidIDE/AppProjects/Euclide/app/src/main/java/com/example/appdummy/MainActivity.java:425: error: ';' expected
            @Override public void onProgressChanged(SeekBar seekBar, int progress, boolean fromUser) {
                                                                                                   ^
/storage/emulated/0/AndroidIDE/AppProjects/Euclide/app/src/main/java/com/example/appdummy/MainActivity.java:429: error: ';' expected
            @Override public void onStartTrackingTouch(SeekBar seekBar) {}
                                                      ^
/storage/emulated/0/AndroidIDE/AppProjects/Euclide/app/src/main/java/com/example/appdummy/MainActivity.java:429: error: ';' expected
            @Override public void onStartTrackingTouch(SeekBar seekBar) {}
                                                                      ^
/storage/emulated/0/AndroidIDE/AppProjects/Euclide/app/src/main/java/com/example/appdummy/MainActivity.java:430: error: ';' expected
            @Override public void onStopTrackingTouch(SeekBar seekBar) {}
                                                     ^
/storage/emulated/0/AndroidIDE/AppProjects/Euclide/app/src/main/java/com/example/appdummy/MainActivity.java:430: error: ';' expected
            @Override public void onStopTrackingTouch(SeekBar seekBar) {}
                                                                     ^
/storage/emulated/0/AndroidIDE/AppProjects/Euclide/app/src/main/java/com/example/appdummy/MainActivity.java:431: error: illegal start of type
        });
         ^
/storage/emulated/0/AndroidIDE/AppProjects/Euclide/app/src/main/java/com/example/appdummy/MainActivity.java:434: error: <identifier> expected
                glitchSeek.setOnSeekBarChangeListener(new SeekBar.OnSeekBarChangeListener() {
                                                     ^
/storage/emulated/0/AndroidIDE/AppProjects/Euclide/app/src/main/java/com/example/appdummy/MainActivity.java:434: error: illegal start of type
                glitchSeek.setOnSeekBarChangeListener(new SeekBar.OnSeekBarChangeListener() {
                                                      ^
/storage/emulated/0/AndroidIDE/AppProjects/Euclide/app/src/main/java/com/example/appdummy/MainActivity.java:435: error: ';' expected
            @Override public void onProgressChanged(SeekBar seekBar, int progress, boolean fromUser) {
                                                   ^
/storage/emulated/0/AndroidIDE/AppProjects/Euclide/app/src/main/java/com/example/appdummy/MainActivity.java:435: error: <identifier> expected
            @Override public void onProgressChanged(SeekBar seekBar, int progress, boolean fromUser) {
                                                                    ^
/storage/emulated/0/AndroidIDE/AppProjects/Euclide/app/src/main/java/com/example/appdummy/MainActivity.java:435: error: <identifier> expected
            @Override public void onProgressChanged(SeekBar seekBar, int progress, boolean fromUser) {
                                                                                  ^
/storage/emulated/0/AndroidIDE/AppProjects/Euclide/app/src/main/java/com/example/appdummy/MainActivity.java:435: error: ';' expected
            @Override public void onProgressChanged(SeekBar seekBar, int progress, boolean fromUser) {
                                                                                                   ^
/storage/emulated/0/AndroidIDE/AppProjects/Euclide/app/src/main/java/com/example/appdummy/MainActivity.java:439: error: ';' expected
            @Override public void onStartTrackingTouch(SeekBar seekBar) {}
                                                      ^
/storage/emulated/0/AndroidIDE/AppProjects/Euclide/app/src/main/java/com/example/appdummy/MainActivity.java:439: error: ';' expected
            @Override public void onStartTrackingTouch(SeekBar seekBar) {}
                                                                      ^
/storage/emulated/0/AndroidIDE/AppProjects/Euclide/app/src/main/java/com/example/appdummy/MainActivity.java:440: error: ';' expected
            @Override public void onStopTrackingTouch(SeekBar seekBar) {}
                                                     ^
/storage/emulated/0/AndroidIDE/AppProjects/Euclide/app/src/main/java/com/example/appdummy/MainActivity.java:440: error: ';' expected
            @Override public void onStopTrackingTouch(SeekBar seekBar) {}
                                                                     ^
/storage/emulated/0/AndroidIDE/AppProjects/Euclide/app/src/main/java/com/example/appdummy/MainActivity.java:441: error: illegal start of type
        });
         ^
/storage/emulated/0/AndroidIDE/AppProjects/Euclide/app/src/main/java/com/example/appdummy/MainActivity.java:504: error: <identifier> expected
                glitchSeek.setOnSeekBarChangeListener(new SeekBar.OnSeekBarChangeListener() {
                                                     ^
/storage/emulated/0/AndroidIDE/AppProjects/Euclide/app/src/main/java/com/example/appdummy/MainActivity.java:504: error: illegal start of type
                glitchSeek.setOnSeekBarChangeListener(new SeekBar.OnSeekBarChangeListener() {
                                                      ^
/storage/emulated/0/AndroidIDE/AppProjects/Euclide/app/src/main/java/com/example/appdummy/MainActivity.java:505: error: ';' expected
            @Override public void onProgressChanged(SeekBar seekBar, int progress, boolean fromUser) {
                                                   ^
/storage/emulated/0/AndroidIDE/AppProjects/Euclide/app/src/main/java/com/example/appdummy/MainActivity.java:505: error: <identifier> expected
            @Override public void onProgressChanged(SeekBar seekBar, int progress, boolean fromUser) {
                                                                    ^
/storage/emulated/0/AndroidIDE/AppProjects/Euclide/app/src/main/java/com/example/appdummy/MainActivity.java:505: error: <identifier> expected
            @Override public void onProgressChanged(SeekBar seekBar, int progress, boolean fromUser) {
                                                                                  ^
/storage/emulated/0/AndroidIDE/AppProjects/Euclide/app/src/main/java/com/example/appdummy/MainActivity.java:505: error: ';' expected
            @Override public void onProgressChanged(SeekBar seekBar, int progress, boolean fromUser) {
                                                                                                   ^
/storage/emulated/0/AndroidIDE/AppProjects/Euclide/app/src/main/java/com/example/appdummy/MainActivity.java:509: error: ';' expected
            @Override public void onStartTrackingTouch(SeekBar seekBar) {}
                                                      ^
/storage/emulated/0/AndroidIDE/AppProjects/Euclide/app/src/main/java/com/example/appdummy/MainActivity.java:509: error: ';' expected
            @Override public void onStartTrackingTouch(SeekBar seekBar) {}
                                                                      ^
/storage/emulated/0/AndroidIDE/AppProjects/Euclide/app/src/main/java/com/example/appdummy/MainActivity.java:510: error: ';' expected
            @Override public void onStopTrackingTouch(SeekBar seekBar) {}
                                                     ^
/storage/emulated/0/AndroidIDE/AppProjects/Euclide/app/src/main/java/com/example/appdummy/MainActivity.java:510: error: ';' expected
            @Override public void onStopTrackingTouch(SeekBar seekBar) {}
                                                                     ^
/storage/emulated/0/AndroidIDE/AppProjects/Euclide/app/src/main/java/com/example/appdummy/MainActivity.java:511: error: illegal start of type
        });
         ^
/storage/emulated/0/AndroidIDE/AppProjects/Euclide/app/src/main/java/com/example/appdummy/MainActivity.java:514: error: <identifier> expected
                glitchSeek.setOnSeekBarChangeListener(new SeekBar.OnSeekBarChangeListener() {
                                                     ^
/storage/emulated/0/AndroidIDE/AppProjects/Euclide/app/src/main/java/com/example/appdummy/MainActivity.java:514: error: illegal start of type
                glitchSeek.setOnSeekBarChangeListener(new SeekBar.OnSeekBarChangeListener() {
                                                      ^
/storage/emulated/0/AndroidIDE/AppProjects/Euclide/app/src/main/java/com/example/appdummy/MainActivity.java:515: error: ';' expected
            @Override public void onProgressChanged(SeekBar seekBar, int progress, boolean fromUser) {
                                                   ^
/storage/emulated/0/AndroidIDE/AppProjects/Euclide/app/src/main/java/com/example/appdummy/MainActivity.java:515: error: <identifier> expected
            @Override public void onProgressChanged(SeekBar seekBar, int progress, boolean fromUser) {
                                                                    ^
/storage/emulated/0/AndroidIDE/AppProjects/Euclide/app/src/main/java/com/example/appdummy/MainActivity.java:515: error: <identifier> expected
            @Override public void onProgressChanged(SeekBar seekBar, int progress, boolean fromUser) {
                                                                                  ^
/storage/emulated/0/AndroidIDE/AppProjects/Euclide/app/src/main/java/com/example/appdummy/MainActivity.java:515: error: ';' expected
            @Override public void onProgressChanged(SeekBar seekBar, int progress, boolean fromUser) {
                                                                                                   ^
/storage/emulated/0/AndroidIDE/AppProjects/Euclide/app/src/main/java/com/example/appdummy/MainActivity.java:519: error: ';' expected
            @Override public void onStartTrackingTouch(SeekBar seekBar) {}
                                                      ^
/storage/emulated/0/AndroidIDE/AppProjects/Euclide/app/src/main/java/com/example/appdummy/MainActivity.java:519: error: ';' expected
            @Override public void onStartTrackingTouch(SeekBar seekBar) {}
                                                                      ^
/storage/emulated/0/AndroidIDE/AppProjects/Euclide/app/src/main/java/com/example/appdummy/MainActivity.java:520: error: ';' expected
            @Override public void onStopTrackingTouch(SeekBar seekBar) {}
                                                     ^
/storage/emulated/0/AndroidIDE/AppProjects/Euclide/app/src/main/java/com/example/appdummy/MainActivity.java:520: error: ';' expected
            @Override public void onStopTrackingTouch(SeekBar seekBar) {}
                                                                     ^
/storage/emulated/0/AndroidIDE/AppProjects/Euclide/app/src/main/java/com/example/appdummy/MainActivity.java:521: error: illegal start of type
        });
         ^
/storage/emulated/0/AndroidIDE/AppProjects/Euclide/app/src/main/java/com/example/appdummy/MainActivity.java:524: error: <identifier> expected
                glitchSeek.setOnSeekBarChangeListener(new SeekBar.OnSeekBarChangeListener() {
                                                     ^
/storage/emulated/0/AndroidIDE/AppProjects/Euclide/app/src/main/java/com/example/appdummy/MainActivity.java:524: error: illegal start of type
                glitchSeek.setOnSeekBarChangeListener(new SeekBar.OnSeekBarChangeListener() {
                                                      ^
/storage/emulated/0/AndroidIDE/AppProjects/Euclide/app/src/main/java/com/example/appdummy/MainActivity.java:525: error: ';' expected
            @Override public void onProgressChanged(SeekBar seekBar, int progress, boolean fromUser) {
                                                   ^
/storage/emulated/0/AndroidIDE/AppProjects/Euclide/app/src/main/java/com/example/appdummy/MainActivity.java:525: error: <identifier> expected
            @Override public void onProgressChanged(SeekBar seekBar, int progress, boolean fromUser) {
                                                                    ^
/storage/emulated/0/AndroidIDE/AppProjects/Euclide/app/src/main/java/com/example/appdummy/MainActivity.java:525: error: <identifier> expected
            @Override public void onProgressChanged(SeekBar seekBar, int progress, boolean fromUser) {
                                                                                  ^
/storage/emulated/0/AndroidIDE/AppProjects/Euclide/app/src/main/java/com/example/appdummy/MainActivity.java:525: error: ';' expected
            @Override public void onProgressChanged(SeekBar seekBar, int progress, boolean fromUser) {
                                                                                                   ^
/storage/emulated/0/AndroidIDE/AppProjects/Euclide/app/src/main/java/com/example/appdummy/MainActivity.java:529: error: ';' expected
            @Override public void onStartTrackingTouch(SeekBar seekBar) {}
                                                      ^
/storage/emulated/0/AndroidIDE/AppProjects/Euclide/app/src/main/java/com/example/appdummy/MainActivity.java:529: error: ';' expected
            @Override public void onStartTrackingTouch(SeekBar seekBar) {}
                                                                      ^
/storage/emulated/0/AndroidIDE/AppProjects/Euclide/app/src/main/java/com/example/appdummy/MainActivity.java:530: error: ';' expected
            @Override public void onStopTrackingTouch(SeekBar seekBar) {}
                                                     ^
/storage/emulated/0/AndroidIDE/AppProjects/Euclide/app/src/main/java/com/example/appdummy/MainActivity.java:530: error: ';' expected
            @Override public void onStopTrackingTouch(SeekBar seekBar) {}
                                                                     ^
/storage/emulated/0/AndroidIDE/AppProjects/Euclide/app/src/main/java/com/example/appdummy/MainActivity.java:531: error: illegal start of type
        });
         ^
66 errors

FAILURE: Build failed with an exception.

* What went wrong:
Execution failed for task ':app:compileDebugJavaWithJavac'.
> Compilation failed; see the compiler error output for details.

* Try:
> Run with --info option to get more log output.
> Run with --scan to get full insights.

BUILD FAILED in 1s
15 actionable tasks: 1 executed, 14 up-to-date
